2018-06-01 17:48:38,092 INFO http_call_server.py:63 - 好评:中性_0.45
2018-06-01 17:50:26,842 INFO http_call_server.py:63 - 这件衣服好评:中性_0.45
2018-06-01 17:53:16,502 INFO http_call_server.py:63 - 这件衣服好评:中性_0.45
2018-06-01 17:54:10,822 INFO http_call_server.py:63 - 这件衣服好评:中性_0.45
2018-06-01 17:55:31,132 INFO http_call_server.py:63 - 这件衣服好评:中性_0.45
2018-06-01 17:55:55,042 INFO http_call_server.py:63 - 这件衣服好评:中性_0.45
2018-06-01 17:59:08,502 INFO http_call_server.py:63 - 这件衣服好评:中性_0.45
2018-06-01 17:59:08,760 INFO http_call_server.py:63 - 这件衣服好评:中性_0.45
2018-06-01 17:59:11,233 INFO http_call_server.py:63 - 这件衣服好评:中性_0.45
2018-06-01 17:59:16,298 INFO http_call_server.py:63 - 这件衣服好评:中性_0.45
2018-06-01 18:05:57,187 INFO http_call_server.py:63 - 这件衣服好评:中性_0.45
2018-06-01 18:06:12,644 INFO http_call_server.py:63 - 这件衣服好评:中性_0.45
2018-06-01 18:09:03,399 INFO http_call_server.py:63 - 这件衣服好评:中性_0.45
2018-06-01 18:09:25,757 INFO http_call_server.py:63 - 这件衣服好评:中性_0.45
2018-06-01 18:11:26,545 INFO http_call_server.py:63 - 这件衣服好评:中性_0.45
2018-06-01 18:14:09,745 INFO http_call_server.py:63 - 这件衣服好评:中性_0.45
2018-06-01 18:21:41,875 INFO http_call_server.py:63 - 这件衣服好评:中性_0.45
2018-06-01 18:22:06,905 INFO http_call_server.py:63 - 鞋子不错:好评_0.85
2018-06-02 10:05:40,291 INFO http_call_server.py:63 - 好:好评_0.66
2018-06-02 10:05:47,851 INFO http_call_server.py:63 - 好:好评_0.66
2018-06-02 10:06:08,451 INFO http_call_server.py:63 - 不错的鞋子:好评_0.85
2018-06-02 10:07:23,101 INFO http_call_server.py:63 - 不错的鞋子:好评_0.85
